  CollisionDetect.cpp
  Main.cpp
c:\users\spock_the_wizard\documents\assn1\assn1\assn1\main.cpp(32): warning C4305: '인수': 'double'에서 'GLclampf'(으)로 잘립니다.
  Player.cpp
c:\users\spock_the_wizard\documents\assn1\assn1\assn1\player.cpp(3): warning C4305: '초기화 중': 'double'에서 'float'(으)로 잘립니다.
c:\users\spock_the_wizard\documents\assn1\assn1\assn1\player.cpp(10): warning C4244: '=': 'double'에서 'float'(으)로 변환하면서 데이터가 손실될 수 있습니다.
c:\users\spock_the_wizard\documents\assn1\assn1\assn1\player.cpp(11): warning C4244: '=': 'double'에서 'float'(으)로 변환하면서 데이터가 손실될 수 있습니다.
c:\users\spock_the_wizard\documents\assn1\assn1\assn1\player.cpp(24): warning C4305: '초기화 중': 'double'에서 'GLfloat'(으)로 잘립니다.
c:\users\spock_the_wizard\documents\assn1\assn1\assn1\player.cpp(26): warning C4305: '인수': 'double'에서 'GLfloat'(으)로 잘립니다.
c:\users\spock_the_wizard\documents\assn1\assn1\assn1\player.cpp(47): warning C4244: '인수': 'double'에서 'GLfloat'(으)로 변환하면서 데이터가 손실될 수 있습니다.
c:\users\spock_the_wizard\documents\assn1\assn1\assn1\player.cpp(48): warning C4244: '인수': 'double'에서 'GLfloat'(으)로 변환하면서 데이터가 손실될 수 있습니다.
c:\users\spock_the_wizard\documents\assn1\assn1\assn1\player.cpp(59): warning C4305: '인수': 'double'에서 'float'(으)로 잘립니다.
c:\users\spock_the_wizard\documents\assn1\assn1\assn1\player.cpp(61): warning C4305: '인수': 'double'에서 'float'(으)로 잘립니다.
c:\users\spock_the_wizard\documents\assn1\assn1\assn1\player.cpp(67): warning C4305: '인수': 'double'에서 'float'(으)로 잘립니다.
c:\users\spock_the_wizard\documents\assn1\assn1\assn1\player.cpp(70): warning C4305: '인수': 'double'에서 'float'(으)로 잘립니다.
  Step.cpp
  코드를 생성하고 있습니다.
  2 of 690 functions ( 0.3%) were compiled, the rest were copied from previous compilation.
    0 functions were new in current compilation
    0 functions had inline decision re-evaluated but remain unchanged
  코드를 생성했습니다.
  Assn1.vcxproj -> C:\Users\Spock_the_Wizard\Documents\Assn1\Assn1\Release\Assn1.exe
